app/build/outputs/logs/manifest-merger-debug-report.txt
-- Merging decision tree log ---
manifest
ADDED from src/main/AndroidManifest.xml:2:1-106:12
	package
		ADDED from src/main/AndroidManifest.xml:3:5-44
		INJECTED from src/main/AndroidManifest.xml
		INJECTED from src/main/AndroidManifest.xml
	android:versionName
		INJECTED from src/main/AndroidManifest.xml
		INJECTED from src/main/AndroidManifest.xml
	xmlns:android
		ADDED from src/main/AndroidManifest.xml:2:11-69
	android:versionCode
		INJECTED from src/main/AndroidManifest.xml
		INJECTED from src/main/AndroidManifest.xml
uses-permission#android.permission.INTERNET
ADDED from src/main/AndroidManifest.xml:4:5-66
	android:name
		ADDED from src/main/AndroidManifest.xml:4:22-64
uses-permission#android.permission.WRITE_EXTERNAL_STORAGE
ADDED from src/main/AndroidManifest.xml:5:5-80
	android:name
		ADDED from src/main/AndroidManifest.xml:5:22-78
uses-permission#android.permission.SEND_SMS
ADDED from src/main/AndroidManifest.xml:6:5-67
	android:name
		ADDED from src/main/AndroidManifest.xml:6:22-64
supports-screens
ADDED from src/main/AndroidManifest.xml:7:5-13:40
	android:largeScreens
		ADDED from src/main/AndroidManifest.xml:9:9-36
	android:smallScreens
		ADDED from src/main/AndroidManifest.xml:12:9-36
	android:normalScreens
		ADDED from src/main/AndroidManifest.xml:10:9-37
	android:xlargeScreens
		ADDED from src/main/AndroidManifest.xml:13:9-37
	android:resizeable
		ADDED from src/main/AndroidManifest.xml:11:9-34
	android:anyDensity
		ADDED from src/main/AndroidManifest.xml:8:9-34
application
ADDED from src/main/AndroidManifest.xml:15:5-104:19
MERGED from [com.android.support:appcompat-v7:23.2.1] AndroidManifest.xml:25:5-20
MERGED from [com.android.support:support-v4:23.2.1] AndroidManifest.xml:22:5-20
MERGED from [com.android.support:animated-vector-drawable:23.2.1] AndroidManifest.xml:7:5-20
MERGED from [com.android.support:support-vector-drawable:23.2.1] AndroidManifest.xml:7:5-20
MERGED from [com.android.support:support-v4:23.2.1] AndroidManifest.xml:22:5-20
MERGED from [com.android.support:support-vector-drawable:23.2.1] AndroidManifest.xml:7:5-20
MERGED from [com.android.support:support-v4:23.2.1] AndroidManifest.xml:22:5-20
	android:label
		ADDED from src/main/AndroidManifest.xml:18:9-41
	android:supportsRtl
		ADDED from src/main/AndroidManifest.xml:19:9-35
	android:allowBackup
		ADDED from src/main/AndroidManifest.xml:16:9-35
	android:icon
		ADDED from src/main/AndroidManifest.xml:17:9-43
	android:theme
		ADDED from src/main/AndroidManifest.xml:20:9-40
activity#edu.cmu.nsompura.allavailable.ui.login
ADDED from src/main/AndroidManifest.xml:21:9-27:20
	android:name
		ADDED from src/main/AndroidManifest.xml:21:19-72
intent-filter#android.intent.action.MAIN+android.intent.category.LAUNCHER
ADDED from src/main/AndroidManifest.xml:22:13-26:29
action#android.intent.action.MAIN
ADDED from src/main/AndroidManifest.xml:23:17-69
	android:name
		ADDED from src/main/AndroidManifest.xml:23:25-66
category#android.intent.category.LAUNCHER
ADDED from src/main/AndroidManifest.xml:25:17-77
	android:name
		ADDED from src/main/AndroidManifest.xml:25:27-74
activity#edu.cmu.nsompura.allavailable.ui.signup
ADDED from src/main/AndroidManifest.xml:28:9-34:20
	android:name
		ADDED from src/main/AndroidManifest.xml:28:19-73
intent-filter#android.intent.action.SIGNUP+android.intent.category.DEFAULT
ADDED from src/main/AndroidManifest.xml:29:13-33:29
action#android.intent.action.SIGNUP
ADDED from src/main/AndroidManifest.xml:30:17-71
	android:name
		ADDED from src/main/AndroidManifest.xml:30:25-68
category#android.intent.category.DEFAULT
ADDED from src/main/AndroidManifest.xml:32:17-76
	android:name
		ADDED from src/main/AndroidManifest.xml:32:27-73
activity#edu.cmu.nsompura.allavailable.ui.selection
ADDED from src/main/AndroidManifest.xml:35:9-41:20
	android:name
		ADDED from src/main/AndroidManifest.xml:35:19-76
intent-filter#android.intent.action.SELECTION+android.intent.category.DEFAULT
ADDED from src/main/AndroidManifest.xml:36:13-40:29
action#android.intent.action.SELECTION
ADDED from src/main/AndroidManifest.xml:37:17-74
	android:name
		ADDED from src/main/AndroidManifest.xml:37:25-71
activity#edu.cmu.nsompura.allavailable.ui.rooms
ADDED from src/main/AndroidManifest.xml:42:9-48:20
	android:name
		ADDED from src/main/AndroidManifest.xml:42:19-72
intent-filter#android.intent.action.B23ROOMS+android.intent.category.DEFAULT
ADDED from src/main/AndroidManifest.xml:43:13-47:29
action#android.intent.action.B23ROOMS
ADDED from src/main/AndroidManifest.xml:44:17-73
	android:name
		ADDED from src/main/AndroidManifest.xml:44:25-70
activity#edu.cmu.nsompura.allavailable.ui.room
ADDED from src/main/AndroidManifest.xml:50:9-56:20
	android:name
		ADDED from src/main/AndroidManifest.xml:50:19-71
intent-filter#android.intent.action.ROOMCONTROLLER+android.intent.category.DEFAULT
ADDED from src/main/AndroidManifest.xml:51:13-55:29
action#android.intent.action.ROOMCONTROLLER
ADDED from src/main/AndroidManifest.xml:52:17-79
	android:name
		ADDED from src/main/AndroidManifest.xml:52:25-76
activity#edu.cmu.nsompura.allavailable.ui.roomnotification
ADDED from src/main/AndroidManifest.xml:58:9-64:20
	android:name
		ADDED from src/main/AndroidManifest.xml:58:19-83
intent-filter#android.intent.action.NOTIFICATION+android.intent.category.DEFAULT
ADDED from src/main/AndroidManifest.xml:59:13-63:29
action#android.intent.action.NOTIFICATION
ADDED from src/main/AndroidManifest.xml:60:17-77
	android:name
		ADDED from src/main/AndroidManifest.xml:60:25-74
activity#edu.cmu.nsompura.allavailable.ui.seats
ADDED from src/main/AndroidManifest.xml:66:9-74:20
	android:name
		ADDED from src/main/AndroidManifest.xml:67:13-66
intent-filter#android.intent.action.ACTIVITY9+android.intent.category.DEFAULT
ADDED from src/main/AndroidManifest.xml:69:13-73:29
action#android.intent.action.ACTIVITY9
ADDED from src/main/AndroidManifest.xml:70:17-74
	android:name
		ADDED from src/main/AndroidManifest.xml:70:25-71
activity#edu.cmu.nsompura.allavailable.ui.seatnotification
ADDED from src/main/AndroidManifest.xml:75:9-83:20
	android:name
		ADDED from src/main/AndroidManifest.xml:76:13-77
intent-filter#android.intent.action.ACTIVITY10+android.intent.category.DEFAULT
ADDED from src/main/AndroidManifest.xml:78:13-82:29
action#android.intent.action.ACTIVITY10
ADDED from src/main/AndroidManifest.xml:79:17-75
	android:name
		ADDED from src/main/AndroidManifest.xml:79:25-72
activity#edu.cmu.nsompura.allavailable.ui.sendsms
ADDED from src/main/AndroidManifest.xml:84:9-92:20
	android:name
		ADDED from src/main/AndroidManifest.xml:85:13-68
intent-filter#android.intent.action.ACTIVITY11+android.intent.category.DEFAULT
ADDED from src/main/AndroidManifest.xml:87:13-91:29
action#android.intent.action.ACTIVITY11
ADDED from src/main/AndroidManifest.xml:88:17-75
	android:name
		ADDED from src/main/AndroidManifest.xml:88:25-72
activity#edu.cmu.nsompura.allavailable.ui.sendpicture
ADDED from src/main/AndroidManifest.xml:93:9-101:20
	android:name
		ADDED from src/main/AndroidManifest.xml:94:13-72
intent-filter#android.intent.action.ACTIVITY12+android.intent.category.DEFAULT
ADDED from src/main/AndroidManifest.xml:96:13-100:29
action#android.intent.action.ACTIVITY12
ADDED from src/main/AndroidManifest.xml:97:17-75
	android:name
		ADDED from src/main/AndroidManifest.xml:97:25-72
uses-sdk
INJECTED from src/main/AndroidManifest.xml reason: use-sdk injection requested
MERGED from [com.android.support:appcompat-v7:23.2.1] AndroidManifest.xml:21:5-23:78
MERGED from [com.android.support:support-v4:23.2.1] AndroidManifest.xml:20:5-43
MERGED from [com.android.support:animated-vector-drawable:23.2.1] AndroidManifest.xml:5:5-44
MERGED from [com.android.support:support-vector-drawable:23.2.1] AndroidManifest.xml:5:5-43
MERGED from [com.android.support:support-v4:23.2.1] AndroidManifest.xml:20:5-43
MERGED from [com.android.support:support-vector-drawable:23.2.1] AndroidManifest.xml:5:5-43
MERGED from [com.android.support:support-v4:23.2.1] AndroidManifest.xml:20:5-43
	tools:overrideLibrary
		ADDED from [com.android.support:appcompat-v7:23.2.1] AndroidManifest.xml:23:9-75
	android:targetSdkVersion
		INJECTED from src/main/AndroidManifest.xml
		INJECTED from src/main/AndroidManifest.xml
	android:minSdkVersion
		INJECTED from src/main/AndroidManifest.xml
		INJECTED from src/main/AndroidManifest.xml